<?xml version="1.0" encoding="UTF-8"?>
<!-- Generated by org.testng.reporters.JUnitXMLReporter -->
<testsuite ignored="2" hostname="NBP" failures="1" tests="4" name="Test" time="347.384" errors="0" timestamp="2022-06-01T12:17:16 IST">
  <testcase classname="com.resonance.config.BaseTest" name="@BeforeMethod setUp" time="93.427">
    <failure type="org.openqa.selenium.SessionNotCreatedException" message="Could not start a new session. Response code 500. Message: unknown error: DevToolsActivePort file doesn&amp;apos;t exist
Build info: version: &amp;apos;4.1.1&amp;apos;, revision: &amp;apos;e8fcc2cecf&amp;apos;
System info: host: &amp;apos;NBP&amp;apos;, ip: &amp;apos;172.16.9.38&amp;apos;, os.name: &amp;apos;Windows 7&amp;apos;, os.arch: &amp;apos;amd64&amp;apos;, os.version: &amp;apos;6.1&amp;apos;, java.version: &amp;apos;13&amp;apos;
Driver info: org.openqa.selenium.chrome.ChromeDriver
Command: [null, newSession {capabilities=[Capabilities {browserName: chrome, goog:chromeOptions: {args: [], extensions: []}}], desiredCapabilities=Capabilities {browserName: chrome, goog:chromeOptions: {args: [], extensions: []}}}]">
      <![CDATA[org.openqa.selenium.SessionNotCreatedException: Could not start a new session. Response code 500. Message: unknown error: DevToolsActivePort file doesn't exist
Build info: version: '4.1.1', revision: 'e8fcc2cecf'
System info: host: 'NBP', ip: '172.16.9.38', os.name: 'Windows 7', os.arch: 'amd64', os.version: '6.1', java.version: '13'
Driver info: org.openqa.selenium.chrome.ChromeDriver
Command: [null, newSession {capabilities=[Capabilities {browserName: chrome, goog:chromeOptions: {args: [], extensions: []}}], desiredCapabilities=Capabilities {browserName: chrome, goog:chromeOptions: {args: [], extensions: []}}}]
at org.openqa.selenium.remote.ProtocolHandshake.createSession(ProtocolHandshake.java:126)
at org.openqa.selenium.remote.ProtocolHandshake.createSession(ProtocolHandshake.java:84)
at org.openqa.selenium.remote.ProtocolHandshake.createSession(ProtocolHandshake.java:62)
at org.openqa.selenium.remote.HttpCommandExecutor.execute(HttpCommandExecutor.java:156)
at org.openqa.selenium.remote.service.DriverCommandExecutor.invokeExecute(DriverCommandExecutor.java:167)
at org.openqa.selenium.remote.service.DriverCommandExecutor.execute(DriverCommandExecutor.java:142)
at org.openqa.selenium.remote.RemoteWebDriver.execute(RemoteWebDriver.java:543)
at org.openqa.selenium.remote.RemoteWebDriver.startSession(RemoteWebDriver.java:230)
at org.openqa.selenium.remote.RemoteWebDriver.<init>(RemoteWebDriver.java:151)
at org.openqa.selenium.chromium.ChromiumDriver.<init>(ChromiumDriver.java:108)
at org.openqa.selenium.chrome.ChromeDriver.<init>(ChromeDriver.java:104)
at org.openqa.selenium.chrome.ChromeDriver.<init>(ChromeDriver.java:91)
at org.openqa.selenium.chrome.ChromeDriver.<init>(ChromeDriver.java:46)
at com.resonance.keywords.UIkeywords.openBrowser(UIkeywords.java:30)
at com.resonance.config.BaseTest.setUp(BaseTest.java:12)
at java.base/java.util.ArrayList.forEach(ArrayList.java:1507)
... Removed 31 stack frames]]>
    </failure>
  </testcase> <!-- @BeforeMethod setUp -->
  <testcase classname="com.resonance.config.BaseTest" name="@AfterMethod tearDown" time="-1.654066029284E9">
    <skipped/>
  </testcase> <!-- @AfterMethod tearDown -->
  <testcase classname="com.resonance.config.BaseTest" name="@BeforeMethod setUp" time="-1.654066029286E9">
    <skipped/>
  </testcase> <!-- @BeforeMethod setUp -->
  <testcase classname="com.resonance.config.BaseTest" name="@AfterMethod tearDown" time="-1.654066029291E9">
    <skipped/>
  </testcase> <!-- @AfterMethod tearDown -->
  <testcase classname="com.resonance.regression.RegressionTests" name="verifyTitleOfHomePage" time="0.21">
    <failure type="java.lang.AssertionError" message="expected [true] but found [false]">
      <![CDATA[java.lang.AssertionError: expected [true] but found [false]
at com.resonance.regression.RegressionTests.verifyTitleOfHomePage(RegressionTests.java:22)
at java.base/java.util.ArrayList.forEach(ArrayList.java:1507)
... Removed 31 stack frames]]>
    </failure>
  </testcase> <!-- verifyTitleOfHomePage -->
  <testcase classname="com.resonance.regression.HomePageTests" name="clickOnAssignment" time="0.471"/>
  <testcase classname="com.resonance.regression.HomePageTests" name="confirmationAlertOpen" time="0.0">
    <skipped/>
  </testcase> <!-- confirmationAlertOpen -->
  <testcase classname="com.resonance.regression.HomePageTests" name="videoClickCheck" time="0.0">
    <skipped/>
  </testcase> <!-- videoClickCheck -->
  <testcase classname="com.resonance.regression.RegressionTests" name="confirmationAlertAccept" time="0.0">
    <ignored/>
  </testcase> <!-- confirmationAlertAccept -->
  <testcase classname="com.resonance.regression.RegressionTests" name="confirmationAlertCancel" time="0.0">
    <ignored/>
  </testcase> <!-- confirmationAlertCancel -->
</testsuite> <!-- Test -->
